{"logTime": "0610/221507", "correlationVector":"ErWNKhKz15qMS8ozDen6kh.1","action":"SyncServerConnectionManagerRequest", "result":"SYNC_SERVER_OK", "context":{"environment":"Prod_germanywestcentral_prod-s01-011-eur-germanywestcentral", "migrationStage":"NotStarted", "server":"akswtt10100002k"}}
{"logTime": "0610/221507", "correlationVector":"ErWNKhKz15qMS8ozDen6kh.2","action":"ProcessGetUpdates", "result":"Done", "context":{"dataType":"Encryption Keys", "deleted":"0", "process_failed_to_decrypt":"0", "process_pending_decryption":"0", "process_success":"1", "total":"1"}}
{"logTime": "0610/221507", "correlationVector":"voGOftckCRTxXlCX6aqGc/","action":"SyncServerConnectionManagerRequest", "result":"SYNC_SERVER_OK", "context":{"environment":"", "migrationStage":"", "server":""}}
{"logTime": "0610/221507", "correlationVector":"voGOftckCRTxXlCX6aqGc/.0","action":"EncryptionKeysFetcher.DownloadKeys:", "result":"Success", "context":Key count: 9, Last key timestamp: 2026-06-01T22:42:04Z}
{"logTime": "0610/221507", "correlationVector":"voGOftckCRTxXlCX6aqGc/.1","action":"EncryptionKeysManager::SetEncryptionKeys:", "result":"Success", "context":Key names[9]:[0cVfx5gxseR0Oy2coEiqu1xBJzWSbc40MAUoEomGzXqdOBU2MQdTaC9HjB88xloETpmRtR3hhuyd0p2STLpjjg==][9VgSImrFgKH2STL2qkCKQerCSp4x25YNt59VVbqhqqkrZS4IqLpK28xMQ4ikKgBe6y1h40n1Zpa46mDT4t5fXQ==][ShK7luw/Dl8w3QmC/cBzfvsZ6fyeEQpT6YvmYB4+aoKx7F3Iu1awfZshaYuXe/frR9vkpWjr5Vm53uPRyAW+fQ==][gAplEYqJL3QX52FdZGwXHFGjcpAB4VIKutMLlAVQpew+QZtxvN5G2ob6WY1HZNvS4pCH8gJlDTXgf78pZqa8ew==][lSVOG57JxuL+HO77Lo9fErSTh4vkFLMvxeij7kncCJ+JDA/jqR+5XL/qJzuohYRIOeHAneukgjteTwjGcN34vw==][rYq1teQLYuCKN89nVYJrgibwDLULMRmtPZNbmGFQBAlI9ijEjKOXUwPzMJdcT/YXGiAfN8gkvbFlfo5eTl8nsw==][Zo44eZRDvpf2QkFW+TIi+GZQqfQnJOFn6D+Sw6ZcP8MXkVFlMPoH9eoT8DcQO+Jqm0JV6QOZr6jJjLC6hN/d1g==][V2GsWvZiPSEphTMbV2F0l5nll9Jxq4qSjoV9Wx3ORmipR8whcD6OFToDYJQxiUgfIQA8GX4Ofr7lbI2wDIOC8g==][pMYQOa5EfAWqnPgZuMDZST6LCJQk+F7O8u5gGwTuPoUujoyn36VHE8qtyYp/nJLwGUzAdg/U2d9tshgmSn9WHg==]}
{"logTime": "0610/221507", "correlationVector":"voGOftckCRTxXlCX6aqGc/.2","action":"EncryptionKeysManager::SetEncryptionKeysWithTimestamps:", "result":"Success", "context":Key timestamps[9]:[2022-01-12T22:23:18Z][2022-06-26T10:00:19Z][2023-01-15T11:48:15Z][2023-07-28T14:37:10Z][2024-01-27T09:51:12Z][2024-09-10T10:52:52Z][2025-03-13T08:46:24Z][2025-11-30T10:45:58Z][2026-06-01T22:42:04Z]}
{"logTime": "0610/221507", "correlationVector":"ErWNKhKz15qMS8ozDen6kh","action":"Initial GetUpdates", "result":"", "context":Reason: NEW_CLIENT. cV=ErWNKhKz15qMS8ozDen6kh}
{"logTime": "0610/221507", "correlationVector":"ErWNKhKz15qMS8ozDen6kh.3","action":"GetUpdates Response", "result":"Success", "context":Received 1 update(s). cV=ErWNKhKz15qMS8ozDen6kh.0;server=akswtt10100002k;cloudType=Consumer;environment=Prod_germanywestcentral_prod-s01-011-eur-germanywestcentral;migrationStage=NotStarted}
{"logTime": "0610/221507", "correlationVector":"ItF0Trr4Az1kT+hCMst9Tn","action":"Initial GetUpdates", "result":"", "context":Reason: NEWLY_SUPPORTED_DATATYPE. cV=ItF0Trr4Az1kT+hCMst9Tn}
{"logTime": "0610/221508", "correlationVector":"ItF0Trr4Az1kT+hCMst9Tn.1","action":"SyncServerConnectionManagerRequest", "result":"SYNC_SERVER_OK", "context":{"environment":"Prod_germanywestcentral_prod-s01-011-eur-germanywestcentral", "migrationStage":"NotStarted", "server":"akswtt10100000n"}}
{"logTime": "0610/221508", "correlationVector":"ItF0Trr4Az1kT+hCMst9Tn.2","action":"ProcessGetUpdates", "result":"Done", "context":{"dataType":"Preferences", "deleted":"0", "process_failed_to_decrypt":"0", "process_pending_decryption":"0", "process_success":"56", "total":"56"}}
{"logTime": "0610/221508", "correlationVector":"ItF0Trr4Az1kT+hCMst9Tn.3","action":"ProcessGetUpdates", "result":"Done", "context":{"dataType":"Passwords", "deleted":"0", "process_failed_to_decrypt":"0", "process_pending_decryption":"0", "process_success":"3", "total":"3"}}
{"logTime": "0610/221508", "correlationVector":"ItF0Trr4Az1kT+hCMst9Tn.4","action":"ProcessGetUpdates", "result":"Done", "context":{"dataType":"Device Info", "deleted":"0", "process_failed_to_decrypt":"0", "process_pending_decryption":"0", "process_success":"9", "total":"9"}}
{"logTime": "0610/221508", "correlationVector":"ItF0Trr4Az1kT+hCMst9Tn.5","action":"GetUpdates Response", "result":"Success", "context":Received 68 update(s). cV=ItF0Trr4Az1kT+hCMst9Tn.0;server=akswtt10100000n;cloudType=Consumer;environment=Prod_germanywestcentral_prod-s01-011-eur-germanywestcentral;migrationStage=NotStarted}
{"logTime": "0610/221508", "correlationVector":"fD3aEjdwfDvnSaNOYv8Cak","action":"Initial GetUpdates", "result":"", "context":Reason: NEWLY_SUPPORTED_DATATYPE. cV=fD3aEjdwfDvnSaNOYv8Cak}
{"logTime": "0610/221508", "correlationVector":"fD3aEjdwfDvnSaNOYv8Cak.1","action":"SyncServerConnectionManagerRequest", "result":"SYNC_SERVER_OK", "context":{"environment":"Prod_germanywestcentral_prod-s01-011-eur-germanywestcentral", "migrationStage":"NotStarted", "server":"akswtt10100002p"}}
{"logTime": "0610/221508", "correlationVector":"fD3aEjdwfDvnSaNOYv8Cak.2","action":"ProcessGetUpdates", "result":"Done", "context":{"dataType":"Bookmarks", "deleted":"0", "process_failed_to_decrypt":"0", "process_pending_decryption":"0", "process_success":"7", "total":"7"}}
{"logTime": "0610/221508", "correlationVector":"fD3aEjdwfDvnSaNOYv8Cak.3","action":"GetUpdates Response", "result":"Success", "context":Received 7 update(s). cV=fD3aEjdwfDvnSaNOYv8Cak.0;server=akswtt10100002p;cloudType=Consumer;environment=Prod_germanywestcentral_prod-s01-011-eur-germanywestcentral;migrationStage=NotStarted}
{"logTime": "0610/221508", "correlationVector":"XcgVY1WhXQl5/PT1syvzAq","action":"Initial GetUpdates", "result":"", "context":Reason: NEWLY_SUPPORTED_DATATYPE. cV=XcgVY1WhXQl5/PT1syvzAq}
{"logTime": "0610/221508", "correlationVector":"XcgVY1WhXQl5/PT1syvzAq.1","action":"SyncServerConnectionManagerRequest", "result":"SYNC_SERVER_OK", "context":{"environment":"Prod_germanywestcentral_prod-s01-011-eur-germanywestcentral", "migrationStage":"NotStarted", "server":"akswtt101000005"}}
{"logTime": "0610/221508", "correlationVector":"XcgVY1WhXQl5/PT1syvzAq.2","action":"ProcessGetUpdates", "result":"Done", "context":{"dataType":"Autofill Profiles", "deleted":"0", "process_failed_to_decrypt":"0", "process_pending_decryption":"0", "process_success":"1", "total":"1"}}
{"logTime": "0610/221508", "correlationVector":"XcgVY1WhXQl5/PT1syvzAq.3","action":"ProcessGetUpdates", "result":"Done", "context":{"dataType":"Autofill", "deleted":"0", "process_failed_to_decrypt":"0", "process_pending_decryption":"0", "process_success":"21", "total":"21"}}
{"logTime": "0610/221508", "correlationVector":"XcgVY1WhXQl5/PT1syvzAq.4","action":"ProcessGetUpdates", "result":"Done", "context":{"dataType":"Sessions", "deleted":"53", "process_failed_to_decrypt":"0", "process_pending_decryption":"0", "process_success":"55", "total":"55"}}
{"logTime": "0610/221508", "correlationVector":"XcgVY1WhXQl5/PT1syvzAq.5","action":"GetUpdates Response", "result":"Success", "context":Received 77 update(s). cV=XcgVY1WhXQl5/PT1syvzAq.0;server=akswtt101000005;cloudType=Consumer;environment=Prod_germanywestcentral_prod-s01-011-eur-germanywestcentral;migrationStage=NotStarted}
{"logTime": "0610/221508", "correlationVector":"jf8puevF5vD1fXb5Bx6Qps","action":"Initial GetUpdates", "result":"", "context":Reason: NEWLY_SUPPORTED_DATATYPE. cV=jf8puevF5vD1fXb5Bx6Qps}
{"logTime": "0610/221508", "correlationVector":"jf8puevF5vD1fXb5Bx6Qps.1","action":"SyncServerConnectionManagerRequest", "result":"SYNC_SERVER_OK", "context":{"environment":"Prod_germanywestcentral_prod-s01-011-eur-germanywestcentral", "migrationStage":"NotStarted", "server":"akswtt10100000n"}}
{"logTime": "0610/221508", "correlationVector":"jf8puevF5vD1fXb5Bx6Qps.2","action":"ProcessGetUpdates", "result":"Done", "context":{"dataType":"History", "deleted":"0", "process_failed_to_decrypt":"0", "process_pending_decryption":"0", "process_success":"135", "total":"135"}}
