2026-06-10 22:15:02.748: [INFO][Sync] Reset engine, reason: 8
2026-06-10 22:15:02.748: [INFO][Sync] Stopped: Bookmarks
2026-06-10 22:15:02.748: [INFO][Sync] Stopped: Preferences
2026-06-10 22:15:02.748: [INFO][Sync] Stopped: Passwords
2026-06-10 22:15:02.748: [INFO][Sync] Stopped: Autofill Profiles
2026-06-10 22:15:02.748: [INFO][Sync] Stopped: Autofill
2026-06-10 22:15:02.748: [INFO][Sync] Stopped: Extensions
2026-06-10 22:15:02.748: [INFO][Sync] Stopped: Sessions
2026-06-10 22:15:02.748: [INFO][Sync] Stopped: Extension settings
2026-06-10 22:15:02.748: [INFO][Sync] Stopped: History Delete Directives
2026-06-10 22:15:02.748: [INFO][Sync] Stopped: Device Info
2026-06-10 22:15:02.748: [INFO][Sync] Stopped: User Consents
2026-06-10 22:15:02.748: [INFO][Sync] Stopped: Send Tab To Self
2026-06-10 22:15:02.748: [INFO][Sync] Stopped: Web Apps
2026-06-10 22:15:02.748: [INFO][Sync] Stopped: History
2026-06-10 22:15:02.748: [INFO][Sync] Stopped: Saved Tab Group
2026-06-10 22:15:02.748: [INFO][Sync] Stopped: WebAuthn Credentials
2026-06-10 22:15:02.748: [INFO][Sync] Stopped: Edge E Drop
2026-06-10 22:15:02.748: [INFO][Sync] Stopped: Edge Hub App Usage
2026-06-10 22:15:02.748: [INFO][Sync] Stopped: Edge Wallet
2026-06-10 22:15:02.748: [INFO][Sync] Stopped: Edge Workspace
2026-06-10 22:15:02.748: [INFO][Sync] SyncState after authenticated was: NotSignedIn
2026-06-10 22:15:03.022: [INFO][Sync] Reset engine, reason: 8
2026-06-10 22:15:03.022: [INFO][Sync] Stopped: Bookmarks
2026-06-10 22:15:03.022: [INFO][Sync] Stopped: Preferences
2026-06-10 22:15:03.022: [INFO][Sync] Stopped: Passwords
2026-06-10 22:15:03.022: [INFO][Sync] Stopped: Autofill Profiles
2026-06-10 22:15:03.022: [INFO][Sync] Stopped: Autofill
2026-06-10 22:15:03.022: [INFO][Sync] Stopped: Extensions
2026-06-10 22:15:03.022: [INFO][Sync] Stopped: Sessions
2026-06-10 22:15:03.022: [INFO][Sync] Stopped: Extension settings
2026-06-10 22:15:03.022: [INFO][Sync] Stopped: History Delete Directives
2026-06-10 22:15:03.022: [INFO][Sync] Stopped: Device Info
2026-06-10 22:15:03.022: [INFO][Sync] Stopped: User Consents
2026-06-10 22:15:03.022: [INFO][Sync] Stopped: Send Tab To Self
2026-06-10 22:15:03.022: [INFO][Sync] Stopped: Web Apps
2026-06-10 22:15:03.022: [INFO][Sync] Stopped: History
2026-06-10 22:15:03.022: [INFO][Sync] Stopped: Saved Tab Group
2026-06-10 22:15:03.022: [INFO][Sync] Stopped: WebAuthn Credentials
2026-06-10 22:15:03.022: [INFO][Sync] Stopped: Edge E Drop
2026-06-10 22:15:03.022: [INFO][Sync] Stopped: Edge Hub App Usage
2026-06-10 22:15:03.022: [INFO][Sync] Stopped: Edge Wallet
2026-06-10 22:15:03.022: [INFO][Sync] Stopped: Edge Workspace
2026-06-10 22:15:05.949: [INFO][Sync] Try to start sync engine
2026-06-10 22:15:05.949: [INFO][SyncManagerImpl::NudgeForInitialDownload] Initial download nudge for Encryption Keys
2026-06-10 22:15:05.949: [INFO][SyncEngineBackend::LoadAndConnectNigoriController] Load and connect Nigori controller
2026-06-10 22:15:05.949: [INFO][SyncEngineBackend::DoInitialize] Control Types added: Encryption Keys
2026-06-10 22:15:05.949: [INFO][SyncManagerImpl::ConfigureSyncer] Types to download: Encryption Keys with reason: 3
2026-06-10 22:15:05.949: [INFO][SyncSchedulerImpl::DoConfigurationSyncCycleJob] Configure job was blocked
2026-06-10 22:15:05.966: [INFO][SyncAuthManager::SetLastAuthError] Current auth error: None
2026-06-10 22:15:05.966: [INFO][SyncAuthManager::EdgeLogTokenErrorState] Token error with: None for account type: MSA
2026-06-10 22:15:05.966: [INFO][Sync] Credentials changed for: EdgeSyncScopeNew
2026-06-10 22:15:07.725: [INFO][SyncAuthManager::SetLastAuthError] Current auth error: None
2026-06-10 22:15:07.725: [INFO][SyncAuthManager::EdgeLogTokenErrorState] Token error with: None for account type: MSA
2026-06-10 22:15:07.725: [INFO][Sync] Credentials changed for: EdgeSyncKeyDataScope
2026-06-10 22:15:07.725: [INFO][SyncEngineBackend::DoUpdateKeyDataCredentials] Update key data credentials
2026-06-10 22:15:07.725: [INFO][SyncEngineBackend::DoUpdateCredentials] Update credentials
2026-06-10 22:15:07.725: [INFO][SyncSchedulerImpl::DoConfigurationSyncCycleJob] Blocked types:  and types to download: Encryption Keys
2026-06-10 22:15:07.959: [INFO][Sync] Started DataTypeManager configuration, reason: 4
2026-06-10 22:15:07.959: [INFO][Sync] Configuring for: Bookmarks, Preferences, Passwords, Autofill Profiles, Autofill, Extensions, Sessions, Extension settings, History Delete Directives, Device Info, User Consents, Send Tab To Self, Web Apps, History, Saved Tab Group, WebAuthn Credentials, Edge E Drop, Edge Hub App Usage, Edge Wallet, Edge Workspace, Encryption Keys, reason: 3, current state: 0
2026-06-10 22:15:07.959: [WARN][Sync] Crypto error data types: Passwords, Autofill Profiles, Autofill
2026-06-10 22:15:07.960: [INFO][Sync] Configure, desired: Bookmarks, Preferences, Extensions, Sessions, Extension settings, History Delete Directives, Device Info, User Consents, Send Tab To Self, Web Apps, History, Saved Tab Group, WebAuthn Credentials, Edge E Drop, Edge Hub App Usage, Edge Wallet, Edge Workspace, Encryption Keys; Allow fail: Passwords, Autofill Profiles, Autofill
2026-06-10 22:15:07.960: [INFO][Sync] Loading: Bookmarks
2026-06-10 22:15:07.960: [INFO][Sync] Loading: Preferences
2026-06-10 22:15:07.960: [INFO][Sync] Loading: Extensions
2026-06-10 22:15:07.960: [INFO][Sync] Loading: Sessions
2026-06-10 22:15:07.960: [INFO][Sync] Loading: Extension settings
2026-06-10 22:15:07.960: [INFO][Sync] Loading: History Delete Directives
2026-06-10 22:15:07.960: [INFO][Sync] Loading: Device Info
