{"logTime": "0610/221612", "correlationVector":"+LFwr5UX7Y19SiD9dx9X/J.1","action":"SyncServerConnectionManagerRequest", "result":"SYNC_SERVER_OK", "context":{"environment":"Prod_germanywestcentral_prod-s01-011-eur-germanywestcentral", "migrationStage":"NotStarted", "server":"akswtt101000034"}}
{"logTime": "0610/221612", "correlationVector":"+LFwr5UX7Y19SiD9dx9X/J.2","action":"ProcessGetUpdates", "result":"Done", "context":{"dataType":"Encryption Keys", "deleted":"0", "process_failed_to_decrypt":"0", "process_pending_decryption":"0", "process_success":"1", "total":"1"}}
{"logTime": "0610/221613", "correlationVector":"1m52IDsXlW+zjfRel1ymIT","action":"SyncServerConnectionManagerRequest", "result":"SYNC_SERVER_OK", "context":{"environment":"", "migrationStage":"", "server":""}}
{"logTime": "0610/221613", "correlationVector":"1m52IDsXlW+zjfRel1ymIT.0","action":"EncryptionKeysFetcher.DownloadKeys:", "result":"Success", "context":Key count: 9, Last key timestamp: 2026-06-01T22:42:04Z}
{"logTime": "0610/221613", "correlationVector":"1m52IDsXlW+zjfRel1ymIT.1","action":"EncryptionKeysManager::SetEncryptionKeys:", "result":"Success", "context":Key names[9]:[0cVfx5gxseR0Oy2coEiqu1xBJzWSbc40MAUoEomGzXqdOBU2MQdTaC9HjB88xloETpmRtR3hhuyd0p2STLpjjg==][9VgSImrFgKH2STL2qkCKQerCSp4x25YNt59VVbqhqqkrZS4IqLpK28xMQ4ikKgBe6y1h40n1Zpa46mDT4t5fXQ==][ShK7luw/Dl8w3QmC/cBzfvsZ6fyeEQpT6YvmYB4+aoKx7F3Iu1awfZshaYuXe/frR9vkpWjr5Vm53uPRyAW+fQ==][gAplEYqJL3QX52FdZGwXHFGjcpAB4VIKutMLlAVQpew+QZtxvN5G2ob6WY1HZNvS4pCH8gJlDTXgf78pZqa8ew==][lSVOG57JxuL+HO77Lo9fErSTh4vkFLMvxeij7kncCJ+JDA/jqR+5XL/qJzuohYRIOeHAneukgjteTwjGcN34vw==][rYq1teQLYuCKN89nVYJrgibwDLULMRmtPZNbmGFQBAlI9ijEjKOXUwPzMJdcT/YXGiAfN8gkvbFlfo5eTl8nsw==][Zo44eZRDvpf2QkFW+TIi+GZQqfQnJOFn6D+Sw6ZcP8MXkVFlMPoH9eoT8DcQO+Jqm0JV6QOZr6jJjLC6hN/d1g==][V2GsWvZiPSEphTMbV2F0l5nll9Jxq4qSjoV9Wx3ORmipR8whcD6OFToDYJQxiUgfIQA8GX4Ofr7lbI2wDIOC8g==][pMYQOa5EfAWqnPgZuMDZST6LCJQk+F7O8u5gGwTuPoUujoyn36VHE8qtyYp/nJLwGUzAdg/U2d9tshgmSn9WHg==]}
{"logTime": "0610/221613", "correlationVector":"1m52IDsXlW+zjfRel1ymIT.2","action":"EncryptionKeysManager::SetEncryptionKeysWithTimestamps:", "result":"Success", "context":Key timestamps[9]:[2022-01-12T22:23:18Z][2022-06-26T10:00:19Z][2023-01-15T11:48:15Z][2023-07-28T14:37:10Z][2024-01-27T09:51:12Z][2024-09-10T10:52:52Z][2025-03-13T08:46:24Z][2025-11-30T10:45:58Z][2026-06-01T22:42:04Z]}
{"logTime": "0610/221613", "correlationVector":"+LFwr5UX7Y19SiD9dx9X/J","action":"Initial GetUpdates", "result":"", "context":Reason: NEW_CLIENT. cV=+LFwr5UX7Y19SiD9dx9X/J}
{"logTime": "0610/221613", "correlationVector":"+LFwr5UX7Y19SiD9dx9X/J.3","action":"GetUpdates Response", "result":"Success", "context":Received 1 update(s). cV=+LFwr5UX7Y19SiD9dx9X/J.0;server=akswtt101000034;cloudType=Consumer;environment=Prod_germanywestcentral_prod-s01-011-eur-germanywestcentral;migrationStage=NotStarted}
{"logTime": "0610/221613", "correlationVector":"FYVcme82aWW9UM0bfhhvCw","action":"Initial GetUpdates", "result":"", "context":Reason: NEWLY_SUPPORTED_DATATYPE. cV=FYVcme82aWW9UM0bfhhvCw}
{"logTime": "0610/221613", "correlationVector":"FYVcme82aWW9UM0bfhhvCw.1","action":"SyncServerConnectionManagerRequest", "result":"SYNC_SERVER_OK", "context":{"environment":"Prod_germanywestcentral_prod-s01-011-eur-germanywestcentral", "migrationStage":"NotStarted", "server":"akswtt10100002s"}}
{"logTime": "0610/221613", "correlationVector":"FYVcme82aWW9UM0bfhhvCw.2","action":"ProcessGetUpdates", "result":"Done", "context":{"dataType":"Preferences", "deleted":"0", "process_failed_to_decrypt":"0", "process_pending_decryption":"0", "process_success":"56", "total":"56"}}
{"logTime": "0610/221613", "correlationVector":"FYVcme82aWW9UM0bfhhvCw.3","action":"ProcessGetUpdates", "result":"Done", "context":{"dataType":"Passwords", "deleted":"0", "process_failed_to_decrypt":"0", "process_pending_decryption":"0", "process_success":"3", "total":"3"}}
{"logTime": "0610/221613", "correlationVector":"FYVcme82aWW9UM0bfhhvCw.4","action":"ProcessGetUpdates", "result":"Done", "context":{"dataType":"Device Info", "deleted":"0", "process_failed_to_decrypt":"0", "process_pending_decryption":"0", "process_success":"9", "total":"9"}}
{"logTime": "0610/221613", "correlationVector":"FYVcme82aWW9UM0bfhhvCw.5","action":"GetUpdates Response", "result":"Success", "context":Received 68 update(s). cV=FYVcme82aWW9UM0bfhhvCw.0;server=akswtt10100002s;cloudType=Consumer;environment=Prod_germanywestcentral_prod-s01-011-eur-germanywestcentral;migrationStage=NotStarted}
{"logTime": "0610/221613", "correlationVector":"tS9zm5+PCJSR08kcimODRZ","action":"Initial GetUpdates", "result":"", "context":Reason: NEWLY_SUPPORTED_DATATYPE. cV=tS9zm5+PCJSR08kcimODRZ}
{"logTime": "0610/221614", "correlationVector":"tS9zm5+PCJSR08kcimODRZ.1","action":"SyncServerConnectionManagerRequest", "result":"SYNC_SERVER_OK", "context":{"environment":"Prod_germanywestcentral_prod-s01-011-eur-germanywestcentral", "migrationStage":"NotStarted", "server":"akswtt10100002q"}}
{"logTime": "0610/221614", "correlationVector":"tS9zm5+PCJSR08kcimODRZ.2","action":"ProcessGetUpdates", "result":"Done", "context":{"dataType":"Bookmarks", "deleted":"0", "process_failed_to_decrypt":"0", "process_pending_decryption":"0", "process_success":"7", "total":"7"}}
{"logTime": "0610/221614", "correlationVector":"tS9zm5+PCJSR08kcimODRZ.3","action":"GetUpdates Response", "result":"Success", "context":Received 7 update(s). cV=tS9zm5+PCJSR08kcimODRZ.0;server=akswtt10100002q;cloudType=Consumer;environment=Prod_germanywestcentral_prod-s01-011-eur-germanywestcentral;migrationStage=NotStarted}
{"logTime": "0610/221614", "correlationVector":"hFniQNqbEXDpH1hhQp2Pg0","action":"Initial GetUpdates", "result":"", "context":Reason: NEWLY_SUPPORTED_DATATYPE. cV=hFniQNqbEXDpH1hhQp2Pg0}
{"logTime": "0610/221614", "correlationVector":"hFniQNqbEXDpH1hhQp2Pg0.1","action":"SyncServerConnectionManagerRequest", "result":"SYNC_SERVER_OK", "context":{"environment":"Prod_germanywestcentral_prod-s01-011-eur-germanywestcentral", "migrationStage":"NotStarted", "server":"akswtt10100001y"}}
{"logTime": "0610/221614", "correlationVector":"hFniQNqbEXDpH1hhQp2Pg0.2","action":"ProcessGetUpdates", "result":"Done", "context":{"dataType":"Autofill Profiles", "deleted":"0", "process_failed_to_decrypt":"0", "process_pending_decryption":"0", "process_success":"1", "total":"1"}}
{"logTime": "0610/221614", "correlationVector":"hFniQNqbEXDpH1hhQp2Pg0.3","action":"ProcessGetUpdates", "result":"Done", "context":{"dataType":"Autofill", "deleted":"0", "process_failed_to_decrypt":"0", "process_pending_decryption":"0", "process_success":"21", "total":"21"}}
{"logTime": "0610/221614", "correlationVector":"hFniQNqbEXDpH1hhQp2Pg0.4","action":"ProcessGetUpdates", "result":"Done", "context":{"dataType":"Sessions", "deleted":"53", "process_failed_to_decrypt":"0", "process_pending_decryption":"0", "process_success":"55", "total":"55"}}
{"logTime": "0610/221614", "correlationVector":"hFniQNqbEXDpH1hhQp2Pg0.5","action":"GetUpdates Response", "result":"Success", "context":Received 77 update(s). cV=hFniQNqbEXDpH1hhQp2Pg0.0;server=akswtt10100001y;cloudType=Consumer;environment=Prod_germanywestcentral_prod-s01-011-eur-germanywestcentral;migrationStage=NotStarted}
{"logTime": "0610/221614", "correlationVector":"cxKwWujvJiuRea9AftsZux","action":"Initial GetUpdates", "result":"", "context":Reason: NEWLY_SUPPORTED_DATATYPE. cV=cxKwWujvJiuRea9AftsZux}
{"logTime": "0610/221614", "correlationVector":"cxKwWujvJiuRea9AftsZux.1","action":"SyncServerConnectionManagerRequest", "result":"SYNC_SERVER_OK", "context":{"environment":"Prod_germanywestcentral_prod-s01-011-eur-germanywestcentral", "migrationStage":"NotStarted", "server":"akswtt10100001p"}}
{"logTime": "0610/221614", "correlationVector":"cxKwWujvJiuRea9AftsZux.2","action":"ProcessGetUpdates", "result":"Done", "context":{"dataType":"History", "deleted":"0", "process_failed_to_decrypt":"0", "process_pending_decryption":"0", "process_success":"135", "total":"135"}}
{"logTime": "0610/221614", "correlationVector":"cxKwWujvJiuRea9AftsZux.3","action":"GetUpdates Response", "result":"Success", "context":Received 135 update(s). cV=cxKwWujvJiuRea9AftsZux.0;server=akswtt10100001p;cloudType=Consumer;environment=Prod_germanywestcentral_prod-s01-011-eur-germanywestcentral;migrationStage=NotStarted}
{"logTime": "0610/221614", "correlationVector":"rKE3PbJvPUHl/V5LPTNcMa","action":"Normal GetUpdate request", "result":"", "context":cV=rKE3PbJvPUHl/V5LPTNcMa
Nudged types: Sessions, Device Info, User Consents
Refresh requested types: Bookmarks, Preferences, Passwords, Autofill Profiles, Autofill, Extensions, Sessions, Extension settings, History Delete Directives, Device Info, User Consents, Send Tab To Self, Web Apps, History, Saved Tab Group, WebAuthn Credentials, Edge E Drop, Edge Hub App Usage, Edge Wallet, Edge Workspace, Encryption Keys}
{"logTime": "0610/221614", "correlationVector":"rKE3PbJvPUHl/V5LPTNcMa.1","action":"SyncServerConnectionManagerRequest", "result":"SYNC_SERVER_OK", "context":{"environment":"Prod_germanywestcentral_prod-s01-011-eur-germanywestcentral", "migrationStage":"NotStarted", "server":"akswtt10100002m"}}
{"logTime": "0610/221614", "correlationVector":"rKE3PbJvPUHl/V5LPTNcMa.2","action":"GetUpdates Response", "result":"Success", "context":Received 0 update(s). cV=rKE3PbJvPUHl/V5LPTNcMa.0;server=akswtt10100002m;cloudType=Consumer;environment=Prod_germanywestcentral_prod-s01-011-eur-germanywestcentral;migrationStage=NotStarted}
{"logTime": "0610/221614", "correlationVector":"RW3yRVls9S563UEvZVnk3q","action":"DoCompareDataConsistency requsted types: ", "result":"Bookmarks, Preferences, Passwords, Extensions, Extension settings, History Delete Directives, Send Tab To Self, Web Apps, History, Saved Tab Group, WebAuthn Credentials, Edge E Drop, Edge Wallet, Edge Workspace, Encryption Keys"}
{"logTime": "0610/221614", "correlationVector":"RW3yRVls9S563UEvZVnk3q.0","action":"CompareDataConsistency result: ", "result":"Compare result: Encryption Keys is consistent. local entities count is: 1 local entities hash is: Hk3+PziNowbIUNw/DV+kWL4Zu9k="}
{"logTime": "0610/221614", "correlationVector":"RW3yRVls9S563UEvZVnk3q.1","action":"CompareDataConsistency result: ", "result":"Compare result: Bookmarks is consistent. local entities count is: 1 local entities hash is: q1ZppTqDgvCFvaFJJOq5H1GMEjI="}
{"logTime": "0610/221614", "correlationVector":"RW3yRVls9S563UEvZVnk3q.2","action":"CompareDataConsistency result: ", "result":"Compare result: Preferences is consistent. local entities count is: 56 local entities hash is: bLQCYpZdr0TPIxyDp8XdsojG6pc="}
{"logTime": "0610/221614", "correlationVector":"RW3yRVls9S563UEvZVnk3q.3","action":"CompareDataConsistency result: ", "result":"Compare result: Extensions is consistent. local entities count is: 0 local entities hash is: "}
{"logTime": "0610/221614", "correlationVector":"RW3yRVls9S563UEvZVnk3q.4","action":"CompareDataConsistency result: ", "result":"Compare result: Extension settings is consistent. local entities count is: 0 local entities hash is: "}
{"logTime": "0610/221614", "correlationVector":"RW3yRVls9S563UEvZVnk3q.5","action":"CompareDataConsistency result: ", "result":"Compare result: History Delete Directives is consistent. local entities count is: 0 local entities hash is: "}
{"logTime": "0610/221614", "correlationVector":"RW3yRVls9S563UEvZVnk3q.6","action":"CompareDataConsistency result: ", "result":"Server did not send this Send Tab To Self local entities count is: 0 local entities hash is: "}
{"logTime": "0610/221614", "correlationVector":"RW3yRVls9S563UEvZVnk3q.7","action":"CompareDataConsistency result: ", "result":"Compare result: Web Apps is consistent. local entities count is: 0 local entities hash is: "}
{"logTime": "0610/221614", "correlationVector":"RW3yRVls9S563UEvZVnk3q.8","action":"CompareDataConsistency result: ", "result":"Server did not send this History local entities count is: 0 local entities hash is: "}
{"logTime": "0610/221614", "correlationVector":"RW3yRVls9S563UEvZVnk3q.9","action":"CompareDataConsistency result: ", "result":"Compare result: Saved Tab Group is consistent. local entities count is: 0 local entities hash is: "}
{"logTime": "0610/221614", "correlationVector":"RW3yRVls9S563UEvZVnk3q.10","action":"CompareDataConsistency result: ", "result":"Server did not send this WebAuthn Credentials local entities count is: 0 local entities hash is: "}
{"logTime": "0610/221614", "correlationVector":"RW3yRVls9S563UEvZVnk3q.11","action":"CompareDataConsistency result: ", "result":"Compare result: Edge E Drop is consistent. local entities count is: 0 local entities hash is: "}
{"logTime": "0610/221614", "correlationVector":"RW3yRVls9S563UEvZVnk3q.12","action":"CompareDataConsistency result: ", "result":"Compare result: Edge Wallet is consistent. local entities count is: 0 local entities hash is: "}
{"logTime": "0610/221614", "correlationVector":"RW3yRVls9S563UEvZVnk3q.13","action":"CompareDataConsistency result: ", "result":"Server did not send this Edge Workspace local entities count is: 0 local entities hash is: "}
{"logTime": "0610/221614", "correlationVector":"RW3yRVls9S563UEvZVnk3q.14","action":"CompareDataConsistency result: ", "result":"Compare result: Passwords is consistent. local entities count is: 3 local entities hash is: x2ySHX1SH2SuUHYqCo/NFULV/ug="}
{"logTime": "0610/221614", "correlationVector":"TVRupL/WUoBMo4sO5fUKx3","action":"Commit Request", "result":"", "context":Item count: 4
Contributing types: Sessions, Device Info, User Consents}
{"logTime": "0610/221615", "correlationVector":"TVRupL/WUoBMo4sO5fUKx3.1","action":"SyncServerConnectionManagerRequest", "result":"SYNC_SERVER_OK", "context":{"environment":"Prod_germanywestcentral_prod-s01-011-eur-germanywestcentral", "migrationStage":"NotStarted", "server":"akswtt10100002q"}}
{"logTime": "0610/221615", "correlationVector":"TVRupL/WUoBMo4sO5fUKx3.2","action":"Commit Response", "result":"Success", "context":Result: Success. cV=TVRupL/WUoBMo4sO5fUKx3.0;server=akswtt10100002q;cloudType=Consumer;environment=Prod_germanywestcentral_prod-s01-011-eur-germanywestcentral;migrationStage=NotStarted}
{"logTime": "0610/221615", "correlationVector":"","action":"DIAGNOSTIC_REQUEST|v1/diagnosticData/Diagnostic.SendCheckResult()|SUCCESS", "result":""}
{"logTime": "0610/221615", "correlationVector":"CCRAw9wz1DcI0UiFsJMGuP","action":"Normal GetUpdate request", "result":"", "context":cV=CCRAw9wz1DcI0UiFsJMGuP
Nudged types: Sessions, Device Info
Notified types: Device Info}
{"logTime": "0610/221615", "correlationVector":"CCRAw9wz1DcI0UiFsJMGuP.1","action":"SyncServerConnectionManagerRequest", "result":"SYNC_SERVER_OK", "context":{"environment":"Prod_germanywestcentral_prod-s01-011-eur-germanywestcentral", "migrationStage":"NotStarted", "server":"akswtt10100000b"}}
{"logTime": "0610/221615", "correlationVector":"CCRAw9wz1DcI0UiFsJMGuP.2","action":"ProcessGetUpdates", "result":"Done", "context":{"dataType":"Sessions", "deleted":"0", "process_failed_to_decrypt":"0", "process_pending_decryption":"0", "process_success":"4", "total":"4"}}
{"logTime": "0610/221615", "correlationVector":"CCRAw9wz1DcI0UiFsJMGuP.3","action":"ProcessGetUpdates", "result":"Done", "context":{"dataType":"Device Info", "deleted":"0", "process_failed_to_decrypt":"0", "process_pending_decryption":"0", "process_success":"2", "total":"2"}}
{"logTime": "0610/221615", "correlationVector":"CCRAw9wz1DcI0UiFsJMGuP.4","action":"GetUpdates Response", "result":"Success", "context":Received 6 update(s). cV=CCRAw9wz1DcI0UiFsJMGuP.0;server=akswtt10100000b;cloudType=Consumer;environment=Prod_germanywestcentral_prod-s01-011-eur-germanywestcentral;migrationStage=NotStarted}
